0 info it worked if it ends with ok
1 verbose cli [ 'C:\\Program Files\\nodejs\\node.exe',
1 verbose cli   'C:\\Program Files\\nodejs\\node_modules\\npm\\bin\\npm-cli.js',
1 verbose cli   'run',
1 verbose cli   'build',
1 verbose cli   '--scripts-prepend-node-path=auto' ]
2 info using npm@2.15.11
3 info using node@v4.8.5
4 verbose run-script [ 'prebuild', 'build', 'postbuild' ]
5 info prebuild 2dgame-pixie-typescript@0.0.0
6 verbose unsafe-perm in lifecycle true
7 info build 2dgame-pixie-typescript@0.0.0
8 verbose unsafe-perm in lifecycle true
9 info 2dgame-pixie-typescript@0.0.0 Failed to exec build script
10 verbose stack Error: 2dgame-pixie-typescript@0.0.0 build: `webpack`
10 verbose stack Exit status 2
10 verbose stack     at EventEmitter.<anonymous> (C:\Users\orcwa\AppData\Roaming\nvm\v4.8.5\node_modules\npm\lib\utils\lifecycle.js:217:16)
10 verbose stack     at emitTwo (events.js:87:13)
10 verbose stack     at EventEmitter.emit (events.js:172:7)
10 verbose stack     at ChildProcess.<anonymous> (C:\Users\orcwa\AppData\Roaming\nvm\v4.8.5\node_modules\npm\lib\utils\spawn.js:24:14)
10 verbose stack     at emitTwo (events.js:87:13)
10 verbose stack     at ChildProcess.emit (events.js:172:7)
10 verbose stack     at maybeClose (internal/child_process.js:862:16)
10 verbose stack     at Process.ChildProcess._handle.onexit (internal/child_process.js:222:5)
11 verbose pkgid 2dgame-pixie-typescript@0.0.0
12 verbose cwd C:\Users\orcwa\Desktop\Projekty\2dgame-pixie-typescript
13 error Windows_NT 10.0.15063
14 error argv "C:\\Program Files\\nodejs\\node.exe" "C:\\Program Files\\nodejs\\node_modules\\npm\\bin\\npm-cli.js" "run" "build" "--scripts-prepend-node-path=auto"
15 error node v4.8.5
16 error npm  v2.15.11
17 error code ELIFECYCLE
18 error 2dgame-pixie-typescript@0.0.0 build: `webpack`
18 error Exit status 2
19 error Failed at the 2dgame-pixie-typescript@0.0.0 build script 'webpack'.
19 error This is most likely a problem with the 2dgame-pixie-typescript package,
19 error not with npm itself.
19 error Tell the author that this fails on your system:
19 error     webpack
19 error You can get information on how to open an issue for this project with:
19 error     npm bugs 2dgame-pixie-typescript
19 error Or if that isn't available, you can get their info via:
19 error
19 error     npm owner ls 2dgame-pixie-typescript
19 error There is likely additional logging output above.
20 verbose exit [ 1, true ]
